<?xml version="1.0" encoding="UTF-8"?>
<testsuite name="com.example.cache.ProductCacheServiceTest" tests="1" skipped="0" failures="0" errors="0" timestamp="2026-09-08T11:06:42.596Z" hostname="INML4F91Y4Q2" time="0.028">
  <properties/>
  <testcase name="secondRequestShouldUseLocalCache()" classname="com.example.cache.ProductCacheServiceTest" time="0.028"/>
  <system-out><![CDATA[❌ CACHE MISS: 1
]]>&#x1f680;<![CDATA[ START DB LOAD: 1
]]>&#x1f525;<![CDATA[ DB CALL #1 product=1
✅ DB LOAD COMPLETE: 1
✅ CACHE HIT: 1
]]></system-out>
  <system-err><![CDATA[]]></system-err>
</testsuite>
